0 info it worked if it ends with ok
1 verbose cli [ 'D:\\commonSoft\\nodejs\\\\node.exe',
1 verbose cli   'D:\\commonSoft\\nodejs\\node_modules\\npm\\bin\\npm-cli.js',
1 verbose cli   'run-script',
1 verbose cli   'dist' ]
2 info using npm@1.4.9
3 info using node@v0.10.28
4 verbose node symlink D:\commonSoft\nodejs\\node.exe
5 error Error: ENOENT, open 'D:\前端技术\移动技术\zepto.js\package.json'
6 error If you need help, you may report this *entire* log,
6 error including the npm and node versions, at:
6 error     <http://github.com/npm/npm/issues>
7 error System Windows_NT 6.1.7601
8 error command "D:\\commonSoft\\nodejs\\\\node.exe" "D:\\commonSoft\\nodejs\\node_modules\\npm\\bin\\npm-cli.js" "run-script" "dist"
9 error cwd D:\前端技术\移动技术\zepto.js
10 error node -v v0.10.28
11 error npm -v 1.4.9
12 error path D:\前端技术\移动技术\zepto.js\package.json
13 error code ENOENT
14 error errno 34
15 verbose exit [ 34, true ]
